build/app/outputs/mapping/release/mapping.txt
# compiler: R8
# compiler_version: 1.5.64
# min_api: 19
# pg_map_id: 4f0eb63
...
com.google.android.gms.common.api.internal.zaag -> com.google.android.gms.common.api.internal.x:
    java.lang.String zafs -> b
    com.google.android.gms.common.ConnectionResult blockingConnect() -> a
    void dump(java.lang.String,java.io.FileDescriptor,java.io.PrintWriter,java.lang.String[]) -> a
    void registerConnectionFailedListener(com.google.android.gms.common.api.GoogleApiClient$OnConnectionFailedListener) -> a
    com.google.android.gms.common.api.PendingResult clearDefaultAccountAndReconnect() -> b
    void unregisterConnectionFailedListener(com.google.android.gms.common.api.GoogleApiClient$OnConnectionFailedListener) -> b
    void connect() -> c
    void disconnect() -> d
com.google.android.gms.common.api.internal.zaah -> com.google.android.gms.common.api.internal.y:
    com.google.android.gms.common.api.internal.zabe zaft -> a
    boolean zafu -> b
    boolean disconnect() -> a
    com.google.android.gms.common.api.internal.BaseImplementation$ApiMethodImpl execute(com.google.android.gms.common.api.internal.BaseImplementation$ApiMethodImpl) -> a
    com.google.android.gms.common.api.internal.zabe zaa(com.google.android.gms.common.api.internal.zaah) -> a
    void zaa(com.google.android.gms.common.ConnectionResult,com.google.android.gms.common.api.Api,boolean) -> a
    void connect() -> b
    void begin() -> c
    void onConnected(android.os.Bundle) -> c
    void zaam() -> d
    void onConnectionSuspended(int) -> e
com.google.android.gms.common.api.internal.zaai -> com.google.android.gms.common.api.internal.z:
    com.google.android.gms.common.api.internal.zaah zafv -> b
    void zaan() -> a
com.google.android.gms.common.api.internal.zaaj -> com.google.android.gms.common.api.internal.a0:
    com.google.android.gms.common.api.internal.zaah zafv -> b
    void zaan() -> a
com.google.android.gms.common.api.internal.zaak -> com.google.android.gms.common.api.internal.b0:
    com.google.android.gms.common.api.internal.zabe zaft -> a
    com.google.android.gms.common.GoogleApiAvailabilityLight zaey -> d
    boolean zagd -> m
    boolean zage -> n
    android.content.Context mContext -> c
    java.util.Map zaew -> s
    boolean zagg -> p
    com.google.android.gms.common.ConnectionResult zafh -> e
    com.google.android.gms.common.internal.ClientSettings zaet -> r
    int zafy -> h
    boolean zagc -> l
    int zafw -> f
    com.google.android.gms.signin.zad zagb -> k
    com.google.android.gms.common.api.Api$AbstractClientBuilder zace -> t
    int zafx -> g
    android.os.Bundle zafz -> i
    boolean zagh -> q
    java.util.Set zaga -> j
    java.util.ArrayList zagi -> u
    com.google.android.gms.common.internal.IAccountAccessor zagf -> o
    java.util.concurrent.locks.Lock zaeo -> b
    boolean disconnect() -> a
    com.google.android.gms.common.api.internal.BaseImplementation$ApiMethodImpl execute(com.google.android.gms.common.api.internal.BaseImplementation$ApiMethodImpl) -> a
    android.content.Context zaa(com.google.android.gms.common.api.internal.zaak) -> a
    void zaa(com.google.android.gms.common.ConnectionResult,com.google.android.gms.common.api.Api,boolean) -> a
    void zaa(com.google.android.gms.common.api.internal.zaak,com.google.android.gms.common.ConnectionResult) -> a
com.google.android.gms.common.api.internal.zaal -> com.google.android.gms.common.api.internal.c0:
    com.google.android.gms.common.api.internal.zaak zagj -> i
com.google.android.gms.common.api.internal.zaam -> com.google.android.gms.common.api.internal.d0:
    java.lang.ref.WeakReference zagk -> a
    boolean zaec -> c
    com.google.android.gms.common.api.Api mApi -> b
    void onReportServiceBinding(com.google.android.gms.common.ConnectionResult) -> a
    boolean zaa(com.google.android.gms.common.api.internal.zaam) -> a
com.google.android.gms.common.api.internal.zaan -> com.google.android.gms.common.api.internal.e0:
    com.google.android.gms.common.api.internal.zaak zagj -> k
    java.util.Map zagl -> j
    void zaan() -> a